<?xml version="1.0" encoding="UTF-8"?>
<!-- Generated by org.testng.reporters.JUnitReportReporter -->
<testsuite hostname="DESKTOP-GRUOEUJ" failures="0" tests="1" name="PageObjectDesignFramework.EndToEndFramework.SubmitOrderTest" time="18.125" errors="0" timestamp="2023-01-10T22:11:48 IST" skipped="0">
  <testcase classname="PageObjectDesignFramework.EndToEndFramework.SubmitOrderTest" name="submitOrder" time="18.125"/>
  <system-out/>
</testsuite> <!-- PageObjectDesignFramework.EndToEndFramework.SubmitOrderTest -->
