<?xml version="1.0" encoding="UTF-8"?>
<!-- Generated by org.testng.reporters.JUnitReportReporter -->
<testsuite hostname="DESKTOP-GRUOEUJ" failures="0" tests="1" name="PageObjectDesignFramework.EndToEndFramework.ErrorValidationTest" time="12.463" errors="0" timestamp="2023-01-10T22:37:34 IST" skipped="0">
  <testcase classname="PageObjectDesignFramework.EndToEndFramework.ErrorValidationTest" name="submitOrder" time="12.463"/>
  <system-out/>
</testsuite> <!-- PageObjectDesignFramework.EndToEndFramework.ErrorValidationTest -->
